Using pre-set license
Built from '2022.3/staging' branch; Version is '2022.3.47f1 (88c277b85d21) revision 8962679'; Using compiler version '192829333'; Build Type 'Release'
OS: 'Windows 10  (10.0.19045) 64bit Professional' Language: 'es' Physical Memory: 16259 MB
BatchMode: 1, IsHumanControllingUs: 0, StartBugReporterOnCrash: 0, Is64bit: 1, IsPro: 1

COMMAND LINE ARGUMENTS:
C:\Program Files\Unity\Hub\Editor\2022.3.47f1\Editor\Unity.exe
-adb2
-batchMode
-noUpm
-name
AssetImportWorker0
-projectPath
C:/Users/VRI/Ellen
-logFile
Logs/AssetImportWorker0.log
-srvPort
60640
Successfully changed project path to: C:/Users/VRI/Ellen
C:/Users/VRI/Ellen
[UnityMemory] Configuration Parameters - Can be set up in boot.config
    "memorysetup-bucket-allocator-granularity=16"
    "memorysetup-bucket-allocator-bucket-count=8"
    "memorysetup-bucket-allocator-block-size=33554432"
    "memorysetup-bucket-allocator-block-count=8"
    "memorysetup-main-allocator-block-size=16777216"
    "memorysetup-thread-allocator-block-size=16777216"
    "memorysetup-gfx-main-allocator-block-size=16777216"
    "memorysetup-gfx-thread-allocator-block-size=16777216"
    "memorysetup-cache-allocator-block-size=4194304"
    "memorysetup-typetree-allocator-block-size=2097152"
    "memorysetup-profiler-bucket-allocator-granularity=16"
    "memorysetup-profiler-bucket-allocator-bucket-count=8"
    "memorysetup-profiler-bucket-allocator-block-size=33554432"
    "memorysetup-profiler-bucket-allocator-block-count=8"
    "memorysetup-profiler-allocator-block-size=16777216"
    "memorysetup-profiler-editor-allocator-block-size=1048576"
    "memorysetup-temp-allocator-size-main=16777216"
    "memorysetup-job-temp-allocator-block-size=2097152"
    "memorysetup-job-temp-allocator-block-size-background=1048576"
    "memorysetup-job-temp-allocator-reduction-small-platforms=262144"
    "memorysetup-allocator-temp-initial-block-size-main=262144"
    "memorysetup-allocator-temp-initial-block-size-worker=262144"
    "memorysetup-temp-allocator-size-background-worker=32768"
    "memorysetup-temp-allocator-size-job-worker=262144"
    "memorysetup-temp-allocator-size-preload-manager=33554432"
    "memorysetup-temp-allocator-size-nav-mesh-worker=65536"
    "memorysetup-temp-allocator-size-audio-worker=65536"
    "memorysetup-temp-allocator-size-cloud-worker=32768"
    "memorysetup-temp-allocator-size-gi-baking-worker=262144"
    "memorysetup-temp-allocator-size-gfx=262144"
Player connection [4256]  Target information:

Player connection [4256]  * "[IP] 192.168.5.103 [Port] 0 [Flags] 2 [Guid] 1867502 [EditorId] 1867502 [Version] 1048832 [Id] WindowsEditor(7,DESKTOP-OEUQP6E) [Debug] 1 [PackageName] WindowsEditor [ProjectName] Editor" 

Player connection [4256]  * "[IP] 192.168.56.1 [Port] 0 [Flags] 2 [Guid] 1867502 [EditorId] 1867502 [Version] 1048832 [Id] WindowsEditor(7,DESKTOP-OEUQP6E) [Debug] 1 [PackageName] WindowsEditor [ProjectName] Editor" 

Player connection [4256] Host joined multi-casting on [225.0.0.222:54997]...
Player connection [4256] Host joined alternative multi-casting on [225.0.0.222:34997]...
[PhysX] Initialized MultithreadedTaskDispatcher with 4 workers.
Refreshing native plugins compatible for Editor in 22.58 ms, found 3 plugins.
Preloading 0 native plugins for Editor in 0.00 ms.
Initialize engine version: 2022.3.47f1 (88c277b85d21)
[Subsystems] Discovering subsystems at path C:/Program Files/Unity/Hub/Editor/2022.3.47f1/Editor/Data/Resources/UnitySubsystems
[Subsystems] Discovering subsystems at path C:/Users/VRI/Ellen/Assets
GfxDevice: creating device client; threaded=0; jobified=0
Direct3D:
    Version:  Direct3D 11.0 [level 11.1]
    Renderer: Intel(R) HD Graphics 620 (ID=0x5916)
    Vendor:   Intel
    VRAM:     8129 MB
    Driver:   27.20.100.8854
Initialize mono
Mono path[0] = 'C:/Program Files/Unity/Hub/Editor/2022.3.47f1/Editor/Data/Managed'
Mono path[1] = 'C:/Program Files/Unity/Hub/Editor/2022.3.47f1/Editor/Data/MonoBleedingEdge/lib/mono/unityjit-win32'
Mono config path = 'C:/Program Files/Unity/Hub/Editor/2022.3.47f1/Editor/Data/MonoBleedingEdge/etc'
Using monoOptions --debugger-agent=transport=dt_socket,embedding=1,server=y,suspend=n,address=127.0.0.1:56404
Begin MonoManager ReloadAssembly
Registering precompiled unity dll's ...
Register platform support module: C:/Program Files/Unity/Hub/Editor/2022.3.47f1/Editor/Data/PlaybackEngines/WebGLSupport/UnityEditor.WebGL.Extensions.dll
Register platform support module: C:/Program Files/Unity/Hub/Editor/2022.3.47f1/Editor/Data/PlaybackEngines/WindowsStandaloneSupport/UnityEditor.WindowsStandalone.Extensions.dll
Registered in 0.021805 seconds.
- Loaded All Assemblies, in  1.027 seconds
Native extension for WindowsStandalone target not found
Native extension for WebGL target not found
Mono: successfully reloaded assembly
- Finished resetting the current domain, in  0.627 seconds
Domain Reload Profiling: 1650ms
	BeginReloadAssembly (405ms)
		ExecutionOrderSort (0ms)
		DisableScriptedObjects (0ms)
		BackupInstance (0ms)
		ReleaseScriptingObjects (0ms)
		CreateAndSetChildDomain (2ms)
	RebuildCommonClasses (87ms)
	RebuildNativeTypeToScriptingClass (25ms)
	initialDomainReloadingComplete (128ms)
	LoadAllAssembliesAndSetupDomain (377ms)
		LoadAssemblies (399ms)
		RebuildTransferFunctionScriptingTraits (0ms)
		AnalyzeDomain (372ms)
			TypeCache.Refresh (370ms)
				TypeCache.ScanAssembly (338ms)
			ScanForSourceGeneratedMonoScriptInfo (1ms)
			ResolveRequiredComponents (1ms)
	FinalizeReload (628ms)
		ReleaseScriptCaches (0ms)
		RebuildScriptCaches (0ms)
		SetupLoadedEditorAssemblies (508ms)
			LogAssemblyErrors (0ms)
			InitializePlatformSupportModulesInManaged (27ms)
			SetLoadedEditorAssemblies (8ms)
			RefreshPlugins (0ms)
			BeforeProcessingInitializeOnLoad (6ms)
			ProcessInitializeOnLoadAttributes (357ms)
			ProcessInitializeOnLoadMethodAttributes (110ms)
			AfterProcessingInitializeOnLoad (0ms)
			EditorAssembliesLoaded (0ms)
		ExecutionOrderSort2 (0ms)
		AwakeInstancesAfterBackupRestoration (0ms)
========================================================================
Worker process is ready to serve import requests
Caller must complete domain reload
Begin MonoManager ReloadAssembly
- Loaded All Assemblies, in  1.614 seconds
Native extension for WindowsStandalone target not found
Native extension for WebGL target not found
Package Manager log level set to [2]
[Package Manager] Server::EnsureServerProcessIsRunning -- launch failed, reason: Unity was launched with the -noUpm command-line argument
[Package Manager] UpmClient::Send -- Unable to send message (not connected to UPM process).
[Package Manager] Cannot connect to Unity Package Manager local server
Mono: successfully reloaded assembly
- Finished resetting the current domain, in  1.684 seconds
Domain Reload Profiling: 3292ms
	BeginReloadAssembly (364ms)
		ExecutionOrderSort (0ms)
		DisableScriptedObjects (17ms)
		BackupInstance (0ms)
		ReleaseScriptingObjects (0ms)
		CreateAndSetChildDomain (45ms)
	RebuildCommonClasses (87ms)
	RebuildNativeTypeToScriptingClass (45ms)
	initialDomainReloadingComplete (113ms)
	LoadAllAssembliesAndSetupDomain (999ms)
		LoadAssemblies (706ms)
		RebuildTransferFunctionScriptingTraits (0ms)
		AnalyzeDomain (506ms)
			TypeCache.Refresh (434ms)
				TypeCache.ScanAssembly (402ms)
			ScanForSourceGeneratedMonoScriptInfo (48ms)
			ResolveRequiredComponents (20ms)
	FinalizeReload (1684ms)
		ReleaseScriptCaches (0ms)
		RebuildScriptCaches (0ms)
		SetupLoadedEditorAssemblies (1320ms)
			LogAssemblyErrors (0ms)
			InitializePlatformSupportModulesInManaged (18ms)
			SetLoadedEditorAssemblies (8ms)
			RefreshPlugins (0ms)
			BeforeProcessingInitializeOnLoad (139ms)
			ProcessInitializeOnLoadAttributes (1089ms)
			ProcessInitializeOnLoadMethodAttributes (52ms)
			AfterProcessingInitializeOnLoad (15ms)
			EditorAssembliesLoaded (0ms)
		ExecutionOrderSort2 (0ms)
		AwakeInstancesAfterBackupRestoration (17ms)
Launched and connected shader compiler UnityShaderCompiler.exe after 0.12 seconds
Refreshing native plugins compatible for Editor in 13.70 ms, found 3 plugins.
Preloading 0 native plugins for Editor in 0.00 ms.
Unloading 4173 Unused Serialized files (Serialized files now loaded: 0)
Unloading 48 unused Assets / (2.2 MB). Loaded Objects now: 4629.
Memory consumption went from 186.3 MB to 184.2 MB.
Total: 7.200700 ms (FindLiveObjects: 0.601700 ms CreateObjectMapping: 0.614100 ms MarkObjects: 4.999900 ms  DeleteObjects: 0.983400 ms)

AssetImportParameters requested are different than current active one (requested -> active):
  custom:container-demuxer-ogg: 62fdf1f143b41e24485cea50d1cbac27 -> 
  custom:video-decoder-ogg-theora: a1e56fd34408186e4bbccfd4996cb3dc -> 
  custom:framework-win-MediaFoundation: 216162199b28c13a410421893ffa2e32 -> 
  custom:CustomObjectIndexerAttribute: 9a22284fe3817be447336de3de66b15e -> 
  custom:container-demuxer-webm: 4f35f7cbe854078d1ac9338744f61a02 -> 
  custom:container-muxer-webm: aa71ff27fc2769a1b78a27578f13a17b -> 
  custom:video-decoder-webm-vp8: 9c59270c3fd7afecdb556c50c9e8de78 -> 
  custom:SearchIndexIgnoredProperties: e643bd26f0fe6173181afceb89e7c659 -> 
  custom:AudioImporter_EditorPlatform: d09bf68614088b80899f8185d706f6e7 -> 
  custom:video-encoder-webm-vp8: eb34c28f22e8b96e1ab97ce403110664 -> 
  custom:audio-decoder-ogg-vorbis: bf7c407c2cedff20999df2af8eb42d56 -> 
  custom:audio-encoder-webm-vorbis: bf7c407c2cedff20999df2af8eb42d56 -> 
========================================================================
Received Import Request.
  Time since last request: 437052.010115 seconds.
  path: Assets/3DGamekit/Prefabs/Utilities/Localizer.prefab
  artifactKey: Guid(e63c0c4fdda1e1c449b9bd88b007d93a) Importer(815301076,1909f56bfc062723c751e8b465ee728b)
Start importing Assets/3DGamekit/Prefabs/Utilities/Localizer.prefab using Guid(e63c0c4fdda1e1c449b9bd88b007d93a) Importer(815301076,1909f56bfc062723c751e8b465ee728b) [PhysX] Initialized MultithreadedTaskDispatcher with 4 workers.
 -> (artifact id: '7f62bfd91ba5cd791a6fc7d8771c786a') in 0.079018 seconds
Number of updated asset objects reloaded before import = 0
Number of asset objects unloaded after import = 6
========================================================================
Received Import Request.
  Time since last request: 0.000160 seconds.
  path: Assets/3DGamekit/Prefabs/UIPrefabs/KeyIcon.prefab
  artifactKey: Guid(87b9fdd795c49ed45b705002b45185f6) Importer(815301076,1909f56bfc062723c751e8b465ee728b)
Start importing Assets/3DGamekit/Prefabs/UIPrefabs/KeyIcon.prefab using Guid(87b9fdd795c49ed45b705002b45185f6) Importer(815301076,1909f56bfc062723c751e8b465ee728b) [PhysX] Initialized MultithreadedTaskDispatcher with 4 workers.
 -> (artifact id: '813c8d6d04d2c2d0783b6bc3ee9c8dc8') in 0.024924 seconds
Number of updated asset objects reloaded before import = 0
Number of asset objects unloaded after import = 13
========================================================================
Received Import Request.
  Time since last request: 0.000021 seconds.
  path: Assets/3DGamekit/Prefabs/SceneControl/SceneController.prefab
  artifactKey: Guid(d88be276a1e4d2d4da0e24014ff53616) Importer(815301076,1909f56bfc062723c751e8b465ee728b)
Start importing Assets/3DGamekit/Prefabs/SceneControl/SceneController.prefab using Guid(d88be276a1e4d2d4da0e24014ff53616) Importer(815301076,1909f56bfc062723c751e8b465ee728b) [PhysX] Initialized MultithreadedTaskDispatcher with 4 workers.
 -> (artifact id: 'a774d2b1c9350de7b7ad76c0ca1644b9') in 0.006316 seconds
Number of updated asset objects reloaded before import = 0
Number of asset objects unloaded after import = 5
========================================================================
Received Import Request.
  Time since last request: 0.000159 seconds.
  path: Assets/3DGamekit/Prefabs/LevelPrefabs/Level01Audio.prefab
  artifactKey: Guid(78d2b5078b73b4d33b46fe447ae620f0) Importer(815301076,1909f56bfc062723c751e8b465ee728b)
Start importing Assets/3DGamekit/Prefabs/LevelPrefabs/Level01Audio.prefab using Guid(78d2b5078b73b4d33b46fe447ae620f0) Importer(815301076,1909f56bfc062723c751e8b465ee728b) [PhysX] Initialized MultithreadedTaskDispatcher with 4 workers.
 -> (artifact id: '8ad6469c341414b915836bb476d27400') in 0.007555 seconds
Number of updated asset objects reloaded before import = 0
Number of asset objects unloaded after import = 116
========================================================================
Received Import Request.
  Time since last request: 0.000044 seconds.
  path: Assets/3DGamekit/Prefabs/Interactables/DoorHuge.prefab
  artifactKey: Guid(eca4408213f13ec4db2c1c2beb00c191) Importer(815301076,1909f56bfc062723c751e8b465ee728b)
Start importing Assets/3DGamekit/Prefabs/Interactables/DoorHuge.prefab using Guid(eca4408213f13ec4db2c1c2beb00c191) Importer(815301076,1909f56bfc062723c751e8b465ee728b) [PhysX] Initialized MultithreadedTaskDispatcher with 4 workers.
[PhysX] Initialized MultithreadedTaskDispatcher with 4 workers.
Refreshing native plugins compatible for Editor in 8.22 ms, found 3 plugins.
Preloading 0 native plugins for Editor in 0.00 ms.
 -> (artifact id: '30a48b4ee1f2bc1a8b3b098a15dc8a52') in 0.369348 seconds
Number of updated asset objects reloaded before import = 0
Number of asset objects unloaded after import = 59
========================================================================
Received Import Request.
  Time since last request: 0.000049 seconds.
  path: Assets/3DGamekit/Prefabs/Interactables/DestructibleBox.prefab
  artifactKey: Guid(7a87b73c9eb3b0f42bd28e2e20aba3be) Importer(815301076,1909f56bfc062723c751e8b465ee728b)
Start importing Assets/3DGamekit/Prefabs/Interactables/DestructibleBox.prefab using Guid(7a87b73c9eb3b0f42bd28e2e20aba3be) Importer(815301076,1909f56bfc062723c751e8b465ee728b) [PhysX] Initialized MultithreadedTaskDispatcher with 4 workers.
[PhysX] Initialized MultithreadedTaskDispatcher with 4 workers.
Refreshing native plugins compatible for Editor in 9.11 ms, found 3 plugins.
Preloading 0 native plugins for Editor in 0.00 ms.
 -> (artifact id: 'b1c35836838c093d073cdced92f45c2b') in 0.360543 seconds
Number of updated asset objects reloaded before import = 0
Number of asset objects unloaded after import = 197
========================================================================
Received Import Request.
  Time since last request: 0.000039 seconds.
  path: Assets/3DGamekit/Prefabs/LevelPrefabs/Level02Effects.prefab
  artifactKey: Guid(cdf50d05652153941ae5e8748873d611) Importer(815301076,1909f56bfc062723c751e8b465ee728b)
Start importing Assets/3DGamekit/Prefabs/LevelPrefabs/Level02Effects.prefab using Guid(cdf50d05652153941ae5e8748873d611) Importer(815301076,1909f56bfc062723c751e8b465ee728b) [PhysX] Initialized MultithreadedTaskDispatcher with 4 workers.
[PhysX] Initialized MultithreadedTaskDispatcher with 4 workers.
Refreshing native plugins compatible for Editor in 7.64 ms, found 3 plugins.
Preloading 0 native plugins for Editor in 0.00 ms.
 -> (artifact id: '263906490a3aa7d66e0123bfe1a36225') in 0.326853 seconds
Number of updated asset objects reloaded before import = 0
Number of asset objects unloaded after import = 90
========================================================================
Received Import Request.
  Time since last request: 0.000046 seconds.
  path: Assets/3DGamekit/Prefabs/LevelPrefabs/Level01Sequences.prefab
  artifactKey: Guid(0345600457b5cf74aae8db04516f921e) Importer(815301076,1909f56bfc062723c751e8b465ee728b)
Start importing Assets/3DGamekit/Prefabs/LevelPrefabs/Level01Sequences.prefab using Guid(0345600457b5cf74aae8db04516f921e) Importer(815301076,1909f56bfc062723c751e8b465ee728b) [PhysX] Initialized MultithreadedTaskDispatcher with 4 workers.
 -> (artifact id: '712700de135f96b44c931192ece5830f') in 0.066806 seconds
Number of updated asset objects reloaded before import = 0
Number of asset objects unloaded after import = 65
========================================================================
Received Import Request.
  Time since last request: 0.000039 seconds.
  path: Assets/3DGamekit/Prefabs/Interactables/Acid.prefab
  artifactKey: Guid(64b1837b1cd40d541944cde538b260fe) Importer(815301076,1909f56bfc062723c751e8b465ee728b)
Start importing Assets/3DGamekit/Prefabs/Interactables/Acid.prefab using Guid(64b1837b1cd40d541944cde538b260fe) Importer(815301076,1909f56bfc062723c751e8b465ee728b) [PhysX] Initialized MultithreadedTaskDispatcher with 4 workers.
[PhysX] Initialized MultithreadedTaskDispatcher with 4 workers.
 -> (artifact id: 'f36c63ce91544c15e1e4994b41cd043c') in 0.076569 seconds
Number of updated asset objects reloaded before import = 0
Number of asset objects unloaded after import = 27
========================================================================
Received Import Request.
  Time since last request: 0.000042 seconds.
  path: Assets/3DGamekit/Prefabs/UIPrefabs/KeyCanvas.prefab
  artifactKey: Guid(683597be51f41bb4cbba59294cae8b30) Importer(815301076,1909f56bfc062723c751e8b465ee728b)
Start importing Assets/3DGamekit/Prefabs/UIPrefabs/KeyCanvas.prefab using Guid(683597be51f41bb4cbba59294cae8b30) Importer(815301076,1909f56bfc062723c751e8b465ee728b) [PhysX] Initialized MultithreadedTaskDispatcher with 4 workers.
 -> (artifact id: '3d09838880d57fc00b35fe932632247c') in 0.005082 seconds
Number of updated asset objects reloaded before import = 0
Number of asset objects unloaded after import = 7
========================================================================
Received Import Request.
  Time since last request: 0.000024 seconds.
  path: Assets/3DGamekit/Prefabs/SceneControl/TransitionDestination.prefab
  artifactKey: Guid(1152fe60999d70d40886ac96674ad174) Importer(815301076,1909f56bfc062723c751e8b465ee728b)
Start importing Assets/3DGamekit/Prefabs/SceneControl/TransitionDestination.prefab using Guid(1152fe60999d70d40886ac96674ad174) Importer(815301076,1909f56bfc062723c751e8b465ee728b) [PhysX] Initialized MultithreadedTaskDispatcher with 4 workers.
 -> (artifact id: 'fce4f2cadbb1cc94af27052e5c73b24d') in 0.009431 seconds
Number of updated asset objects reloaded before import = 0
Number of asset objects unloaded after import = 6
========================================================================
Received Import Request.
  Time since last request: 0.000022 seconds.
  path: Assets/3DGamekit/Prefabs/UIPrefabs/LoadingCanvas.prefab
  artifactKey: Guid(83d0619896c6b844c852388c2502727f) Importer(815301076,1909f56bfc062723c751e8b465ee728b)
Start importing Assets/3DGamekit/Prefabs/UIPrefabs/LoadingCanvas.prefab using Guid(83d0619896c6b844c852388c2502727f) Importer(815301076,1909f56bfc062723c751e8b465ee728b) [PhysX] Initialized MultithreadedTaskDispatcher with 4 workers.
 -> (artifact id: '6c2210d0ec0a7ab798ad5618a1541367') in 0.005711 seconds
Number of updated asset objects reloaded before import = 0
Number of asset objects unloaded after import = 28
========================================================================
Received Import Request.
  Time since last request: 0.000019 seconds.
  path: Assets/3DGamekit/Prefabs/SceneControl/ScreenFader.prefab
  artifactKey: Guid(4c0a7341bc0c0aa4b8c5563337500b1a) Importer(815301076,1909f56bfc062723c751e8b465ee728b)
Start importing Assets/3DGamekit/Prefabs/SceneControl/ScreenFader.prefab using Guid(4c0a7341bc0c0aa4b8c5563337500b1a) Importer(815301076,1909f56bfc062723c751e8b465ee728b) [PhysX] Initialized MultithreadedTaskDispatcher with 4 workers.
 -> (artifact id: 'e83c7bccfcfeab93bdfedd4520250ad5') in 0.014262 seconds
Number of updated asset objects reloaded before import = 0
Number of asset objects unloaded after import = 67
========================================================================
Received Import Request.
  Time since last request: 0.000026 seconds.
  path: Assets/3DGamekit/Prefabs/UIPrefabs/UICanvas.prefab
  artifactKey: Guid(eb72f36523dcf684f9ca37da45adfa76) Importer(815301076,1909f56bfc062723c751e8b465ee728b)
Start importing Assets/3DGamekit/Prefabs/UIPrefabs/UICanvas.prefab using Guid(eb72f36523dcf684f9ca37da45adfa76) Importer(815301076,1909f56bfc062723c751e8b465ee728b) [PhysX] Initialized MultithreadedTaskDispatcher with 4 workers.
 -> (artifact id: '80da257a188726a491c94ced95b991d2') in 0.211398 seconds
Number of updated asset objects reloaded before import = 0
Number of asset objects unloaded after import = 91
========================================================================
Received Import Request.
  Time since last request: 0.000042 seconds.
  path: Assets/3DGamekit/Prefabs/UIPrefabs/PanelCanvas.prefab
  artifactKey: Guid(2208ab824ba66ab4eaafed9162a13177) Importer(815301076,1909f56bfc062723c751e8b465ee728b)
Start importing Assets/3DGamekit/Prefabs/UIPrefabs/PanelCanvas.prefab using Guid(2208ab824ba66ab4eaafed9162a13177) Importer(815301076,1909f56bfc062723c751e8b465ee728b) [PhysX] Initialized MultithreadedTaskDispatcher with 4 workers.
 -> (artifact id: '21c4815b4f14f324296d44c0c8760861') in 0.054552 seconds
Number of updated asset objects reloaded before import = 0
Number of asset objects unloaded after import = 33
========================================================================
Received Import Request.
  Time since last request: 0.000460 seconds.
  path: Assets/3DGamekit/Prefabs/UIPrefabs/HealthCanvas.prefab
  artifactKey: Guid(2d2745d2a8668e644a921a4848c9bc90) Importer(815301076,1909f56bfc062723c751e8b465ee728b)
Start importing Assets/3DGamekit/Prefabs/UIPrefabs/HealthCanvas.prefab using Guid(2d2745d2a8668e644a921a4848c9bc90) Importer(815301076,1909f56bfc062723c751e8b465ee728b) [PhysX] Initialized MultithreadedTaskDispatcher with 4 workers.
 -> (artifact id: '630e498c6dfb1d06780799d7edd43742') in 0.008932 seconds
Number of updated asset objects reloaded before import = 0
Number of asset objects unloaded after import = 20
========================================================================
Received Import Request.
  Time since last request: 0.000032 seconds.
  path: Assets/3DGamekit/Prefabs/SceneControl/TransitionStart.prefab
  artifactKey: Guid(975d12c1f4445fe47afe0bf925747270) Importer(815301076,1909f56bfc062723c751e8b465ee728b)
Start importing Assets/3DGamekit/Prefabs/SceneControl/TransitionStart.prefab using Guid(975d12c1f4445fe47afe0bf925747270) Importer(815301076,1909f56bfc062723c751e8b465ee728b) [PhysX] Initialized MultithreadedTaskDispatcher with 4 workers.
 -> (artifact id: '4f65e3939ecd660453d3fa9635f7536e') in 0.007328 seconds
Number of updated asset objects reloaded before import = 0
Number of asset objects unloaded after import = 6
========================================================================
Received Import Request.
  Time since last request: 0.000048 seconds.
  path: Assets/3DGamekit/Prefabs/LevelPrefabs/Level01InformationZones.prefab
  artifactKey: Guid(9eceaeaa467782a41851830519572a50) Importer(815301076,1909f56bfc062723c751e8b465ee728b)
Start importing Assets/3DGamekit/Prefabs/LevelPrefabs/Level01InformationZones.prefab using Guid(9eceaeaa467782a41851830519572a50) Importer(815301076,1909f56bfc062723c751e8b465ee728b) [PhysX] Initialized MultithreadedTaskDispatcher with 4 workers.
 -> (artifact id: 'a870bd5d246ffd72705bf0b9d5e6b9ba') in 0.072827 seconds
Number of updated asset objects reloaded before import = 0
Number of asset objects unloaded after import = 39
========================================================================
Received Import Request.
  Time since last request: 0.000032 seconds.
  path: Assets/3DGamekit/Prefabs/UIPrefabs/HealthIcon.prefab
  artifactKey: Guid(5e2d966f076c6144ba1b3f112e14ede1) Importer(815301076,1909f56bfc062723c751e8b465ee728b)
Start importing Assets/3DGamekit/Prefabs/UIPrefabs/HealthIcon.prefab using Guid(5e2d966f076c6144ba1b3f112e14ede1) Importer(815301076,1909f56bfc062723c751e8b465ee728b) [PhysX] Initialized MultithreadedTaskDispatcher with 4 workers.
 -> (artifact id: 'c1a66fc0de7860dd93047130c41787a1') in 0.010222 seconds
Number of updated asset objects reloaded before import = 0
Number of asset objects unloaded after import = 13
========================================================================
Received Import Request.
  Time since last request: 0.000022 seconds.
  path: Assets/3DGamekit/Prefabs/Tools/EditorCamera.prefab
  artifactKey: Guid(dcf5352f1bcab4f1ba3132c6d5534826) Importer(815301076,1909f56bfc062723c751e8b465ee728b)
Start importing Assets/3DGamekit/Prefabs/Tools/EditorCamera.prefab using Guid(dcf5352f1bcab4f1ba3132c6d5534826) Importer(815301076,1909f56bfc062723c751e8b465ee728b) [PhysX] Initialized MultithreadedTaskDispatcher with 4 workers.
 -> (artifact id: '7b6c08a22a2e393e4549cf988b374707') in 0.108123 seconds
Number of updated asset objects reloaded before import = 0
Number of asset objects unloaded after import = 128
========================================================================
Received Import Request.
  Time since last request: 0.000042 seconds.
  path: Assets/3DGamekit/Prefabs/LevelPrefabs/Level02Sequences.prefab
  artifactKey: Guid(22d51aa33e2513041a9fccda30c939c5) Importer(815301076,1909f56bfc062723c751e8b465ee728b)
Start importing Assets/3DGamekit/Prefabs/LevelPrefabs/Level02Sequences.prefab using Guid(22d51aa33e2513041a9fccda30c939c5) Importer(815301076,1909f56bfc062723c751e8b465ee728b) [PhysX] Initialized MultithreadedTaskDispatcher with 4 workers.
 -> (artifact id: '8f0121977e3dea1784b13e0cf9aee5ee') in 0.031528 seconds
Number of updated asset objects reloaded before import = 0
Number of asset objects unloaded after import = 26
========================================================================
Received Import Request.
  Time since last request: 0.000045 seconds.
  path: Assets/3DGamekit/Prefabs/UIPrefabs/MenuCanvases.prefab
  artifactKey: Guid(b18f8976219e1754dba4931c56a32810) Importer(815301076,1909f56bfc062723c751e8b465ee728b)
Start importing Assets/3DGamekit/Prefabs/UIPrefabs/MenuCanvases.prefab using Guid(b18f8976219e1754dba4931c56a32810) Importer(815301076,1909f56bfc062723c751e8b465ee728b) [PhysX] Initialized MultithreadedTaskDispatcher with 4 workers.
Refreshing native plugins compatible for Editor in 13.17 ms, found 3 plugins.
Preloading 0 native plugins for Editor in 0.00 ms.
 -> (artifact id: '8b8b3df66f25217dc9eb024a3fa4e67c') in 0.158818 seconds
Number of updated asset objects reloaded before import = 0
Number of asset objects unloaded after import = 371
========================================================================
Received Import Request.
  Time since last request: 0.000034 seconds.
  path: Assets/3DGamekit/Prefabs/LevelPrefabs/Level01Lights.prefab
  artifactKey: Guid(a1a3f394532534c589d66bd60bfaaca3) Importer(815301076,1909f56bfc062723c751e8b465ee728b)
Start importing Assets/3DGamekit/Prefabs/LevelPrefabs/Level01Lights.prefab using Guid(a1a3f394532534c589d66bd60bfaaca3) Importer(815301076,1909f56bfc062723c751e8b465ee728b) [PhysX] Initialized MultithreadedTaskDispatcher with 4 workers.
 -> (artifact id: '74387820dc9e9cff79d5b2feb731bc73') in 0.023304 seconds
Number of updated asset objects reloaded before import = 0
Number of asset objects unloaded after import = 64
========================================================================
Received Import Request.
  Time since last request: 0.000026 seconds.
  path: Assets/3DGamekit/Prefabs/Utilities/CameraRig.prefab
  artifactKey: Guid(1fac0dae54de3224181696b709bb4d66) Importer(815301076,1909f56bfc062723c751e8b465ee728b)
Start importing Assets/3DGamekit/Prefabs/Utilities/CameraRig.prefab using Guid(1fac0dae54de3224181696b709bb4d66) Importer(815301076,1909f56bfc062723c751e8b465ee728b) [PhysX] Initialized MultithreadedTaskDispatcher with 4 workers.
 -> (artifact id: '22895fe75eb2466a0ba606465aada7a0') in 0.102235 seconds
Number of updated asset objects reloaded before import = 0
Number of asset objects unloaded after import = 166
========================================================================
Received Import Request.
  Time since last request: 0.000034 seconds.
  path: Assets/3DGamekit/Prefabs/LevelPrefabs/Level01Gameplay.prefab
  artifactKey: Guid(186611ef34d874ba4a4be8dd5e36e800) Importer(815301076,1909f56bfc062723c751e8b465ee728b)
Start importing Assets/3DGamekit/Prefabs/LevelPrefabs/Level01Gameplay.prefab using Guid(186611ef34d874ba4a4be8dd5e36e800) Importer(815301076,1909f56bfc062723c751e8b465ee728b) [PhysX] Initialized MultithreadedTaskDispatcher with 4 workers.
[PhysX] Initialized MultithreadedTaskDispatcher with 4 workers.
Refreshing native plugins compatible for Editor in 18.24 ms, found 3 plugins.
Preloading 0 native plugins for Editor in 0.00 ms.
 -> (artifact id: 'f2ed2578e9f1c3165b15e3eec43b7f91') in 1.739243 seconds
Number of updated asset objects reloaded before import = 0
Number of asset objects unloaded after import = 586
========================================================================
Received Import Request.
  Time since last request: 0.000041 seconds.
  path: Assets/3DGamekit/Prefabs/UIPrefabs/DialogueCanvas.prefab
  artifactKey: Guid(114c5f41fd4099445a42c1d9bd01f222) Importer(815301076,1909f56bfc062723c751e8b465ee728b)
Start importing Assets/3DGamekit/Prefabs/UIPrefabs/DialogueCanvas.prefab using Guid(114c5f41fd4099445a42c1d9bd01f222) Importer(815301076,1909f56bfc062723c751e8b465ee728b) [PhysX] Initialized MultithreadedTaskDispatcher with 4 workers.
 -> (artifact id: '9fa2dea2e01088e7516f21422b390764') in 0.045705 seconds
Number of updated asset objects reloaded before import = 0
Number of asset objects unloaded after import = 29
========================================================================
Received Import Request.
  Time since last request: 0.000179 seconds.
  path: Assets/3DGamekit/Prefabs/LevelPrefabs/Level02Vegetation.prefab
  artifactKey: Guid(6b4cf38c3fbf46b40972f72d8498f451) Importer(815301076,1909f56bfc062723c751e8b465ee728b)
Start importing Assets/3DGamekit/Prefabs/LevelPrefabs/Level02Vegetation.prefab using Guid(6b4cf38c3fbf46b40972f72d8498f451) Importer(815301076,1909f56bfc062723c751e8b465ee728b) [PhysX] Initialized MultithreadedTaskDispatcher with 4 workers.
[PhysX] Initialized MultithreadedTaskDispatcher with 4 workers.
Refreshing native plugins compatible for Editor in 5.28 ms, found 3 plugins.
Preloading 0 native plugins for Editor in 0.00 ms.
 -> (artifact id: '18db2363ce615f74a36d3d4dd8eb96f9') in 2.960888 seconds
Number of updated asset objects reloaded before import = 0
Number of asset objects unloaded after import = 9174
========================================================================
Received Import Request.
  Time since last request: 0.000046 seconds.
  path: Assets/3DGamekit/Prefabs/LevelPrefabs/Level01PostProcessVolumes.prefab
  artifactKey: Guid(47738ea4302fa754fbaf7676fa76409e) Importer(815301076,1909f56bfc062723c751e8b465ee728b)
Start importing Assets/3DGamekit/Prefabs/LevelPrefabs/Level01PostProcessVolumes.prefab using Guid(47738ea4302fa754fbaf7676fa76409e) Importer(815301076,1909f56bfc062723c751e8b465ee728b) [PhysX] Initialized MultithreadedTaskDispatcher with 4 workers.
 -> (artifact id: '74a3e11ad65e625eabcfef478fe47938') in 0.021483 seconds
Number of updated asset objects reloaded before import = 0
Number of asset objects unloaded after import = 12
========================================================================
Received Import Request.
  Time since last request: 0.000092 seconds.
  path: Assets/3DGamekit/Prefabs/SceneControl/SceneControllerWrapper.prefab
  artifactKey: Guid(6ab022b1875c5e74dadfc57ea3a6716b) Importer(815301076,1909f56bfc062723c751e8b465ee728b)
Start importing Assets/3DGamekit/Prefabs/SceneControl/SceneControllerWrapper.prefab using Guid(6ab022b1875c5e74dadfc57ea3a6716b) Importer(815301076,1909f56bfc062723c751e8b465ee728b) [PhysX] Initialized MultithreadedTaskDispatcher with 4 workers.
 -> (artifact id: '248856c8ab92273dcdb6d0c3980f658b') in 0.003165 seconds
Number of updated asset objects reloaded before import = 0
Number of asset objects unloaded after import = 5
========================================================================
Received Import Request.
  Time since last request: 0.000037 seconds.
  path: Assets/3DGamekit/Prefabs/UIPrefabs/FaderCanvas.prefab
  artifactKey: Guid(1f09fc5337e36764a8627d149bc1c54d) Importer(815301076,1909f56bfc062723c751e8b465ee728b)
Start importing Assets/3DGamekit/Prefabs/UIPrefabs/FaderCanvas.prefab using Guid(1f09fc5337e36764a8627d149bc1c54d) Importer(815301076,1909f56bfc062723c751e8b465ee728b) [PhysX] Initialized MultithreadedTaskDispatcher with 4 workers.
 -> (artifact id: '33361e4aa79737ccb724db8455dde840') in 0.004849 seconds
Number of updated asset objects reloaded before import = 0
Number of asset objects unloaded after import = 11
========================================================================
Received Import Request.
  Time since last request: 0.000041 seconds.
  path: Assets/3DGamekit/Prefabs/UIPrefabs/GameOverCanvas.prefab
  artifactKey: Guid(2cb597c059c0637489d7a3309e26cb52) Importer(815301076,1909f56bfc062723c751e8b465ee728b)
Start importing Assets/3DGamekit/Prefabs/UIPrefabs/GameOverCanvas.prefab using Guid(2cb597c059c0637489d7a3309e26cb52) Importer(815301076,1909f56bfc062723c751e8b465ee728b) [PhysX] Initialized MultithreadedTaskDispatcher with 4 workers.
 -> (artifact id: '0dc3721e34041a709ac6440b871c37f1') in 0.008770 seconds
Number of updated asset objects reloaded before import = 0
Number of asset objects unloaded after import = 35
========================================================================
Received Import Request.
  Time since last request: 18.249453 seconds.
  path: Assets/3DGamekit/Prefabs/Environment/Structures/GateWayHugeTeleporter.prefab
  artifactKey: Guid(cf5c497dab271a94ea67c68a4ff17901) Importer(815301076,1909f56bfc062723c751e8b465ee728b)
Start importing Assets/3DGamekit/Prefabs/Environment/Structures/GateWayHugeTeleporter.prefab using Guid(cf5c497dab271a94ea67c68a4ff17901) Importer(815301076,1909f56bfc062723c751e8b465ee728b) [PhysX] Initialized MultithreadedTaskDispatcher with 4 workers.
[PhysX] Initialized MultithreadedTaskDispatcher with 4 workers.
Refreshing native plugins compatible for Editor in 6.51 ms, found 3 plugins.
Preloading 0 native plugins for Editor in 0.00 ms.
 -> (artifact id: '50b3be14cfd9e7452e13485b5aeedfd0') in 0.266516 seconds
Number of updated asset objects reloaded before import = 0
Number of asset objects unloaded after import = 56
========================================================================
Received Import Request.
  Time since last request: 25.899302 seconds.
  path: Assets/3DGamekit/Prefabs/Characters/EelDogs/EelDogs.prefab
  artifactKey: Guid(32e62c8bd652dc742a394bbbe7f15c59) Importer(815301076,1909f56bfc062723c751e8b465ee728b)
Start importing Assets/3DGamekit/Prefabs/Characters/EelDogs/EelDogs.prefab using Guid(32e62c8bd652dc742a394bbbe7f15c59) Importer(815301076,1909f56bfc062723c751e8b465ee728b) [PhysX] Initialized MultithreadedTaskDispatcher with 4 workers.
[PhysX] Initialized MultithreadedTaskDispatcher with 4 workers.
 -> (artifact id: '9b34748ddd5e6bd84bf02ed43ea08497') in 0.236235 seconds
Number of updated asset objects reloaded before import = 0
Number of asset objects unloaded after import = 110
========================================================================
Received Import Request.
  Time since last request: 0.501404 seconds.
  path: Assets/3DGamekit/Prefabs/Characters/Ellen/Ellen.prefab
  artifactKey: Guid(9d620787554a948e3876fe7dbdba24e8) Importer(815301076,1909f56bfc062723c751e8b465ee728b)
Start importing Assets/3DGamekit/Prefabs/Characters/Ellen/Ellen.prefab using Guid(9d620787554a948e3876fe7dbdba24e8) Importer(815301076,1909f56bfc062723c751e8b465ee728b) [PhysX] Initialized MultithreadedTaskDispatcher with 4 workers.
[PhysX] Initialized MultithreadedTaskDispatcher with 4 workers.
Refreshing native plugins compatible for Editor in 10.18 ms, found 3 plugins.
Preloading 0 native plugins for Editor in 0.00 ms.
 -> (artifact id: 'e338239ba7de2c9aa483e1ca5d8de31b') in 2.966620 seconds
Number of updated asset objects reloaded before import = 0
Number of asset objects unloaded after import = 1030
========================================================================
Received Import Request.
  Time since last request: 0.000151 seconds.
  path: Assets/3DGamekit/Prefabs/Characters/Ellen/EllenRoot.prefab
  artifactKey: Guid(3683d488f851f3f45893099e4f50854e) Importer(815301076,1909f56bfc062723c751e8b465ee728b)
Start importing Assets/3DGamekit/Prefabs/Characters/Ellen/EllenRoot.prefab using Guid(3683d488f851f3f45893099e4f50854e) Importer(815301076,1909f56bfc062723c751e8b465ee728b) [PhysX] Initialized MultithreadedTaskDispatcher with 4 workers.
[PhysX] Initialized MultithreadedTaskDispatcher with 4 workers.
 -> (artifact id: '5e4575681c23741cd974c52545ec450e') in 0.364345 seconds
Number of updated asset objects reloaded before import = 0
Number of asset objects unloaded after import = 493
========================================================================
Received Import Request.
  Time since last request: 0.000103 seconds.
  path: Assets/3DGamekit/Prefabs/Characters/Enemies/Chomper/ChomperRagdoll.prefab
  artifactKey: Guid(e9582d2bf7627a5478f06709df5f184c) Importer(815301076,1909f56bfc062723c751e8b465ee728b)
Start importing Assets/3DGamekit/Prefabs/Characters/Enemies/Chomper/ChomperRagdoll.prefab using Guid(e9582d2bf7627a5478f06709df5f184c) Importer(815301076,1909f56bfc062723c751e8b465ee728b) [PhysX] Initialized MultithreadedTaskDispatcher with 4 workers.
[PhysX] Initialized MultithreadedTaskDispatcher with 4 workers.
 -> (artifact id: 'd3096ff83f52c830657f41c3507a636c') in 0.127355 seconds
Number of updated asset objects reloaded before import = 0
Number of asset objects unloaded after import = 270
========================================================================
Received Import Request.
  Time since last request: 0.000055 seconds.
  path: Assets/3DGamekit/Prefabs/Characters/Enemies/Chomper/Chomper.prefab
  artifactKey: Guid(e9569c7e13e51264082910415a120d38) Importer(815301076,1909f56bfc062723c751e8b465ee728b)
Start importing Assets/3DGamekit/Prefabs/Characters/Enemies/Chomper/Chomper.prefab using Guid(e9569c7e13e51264082910415a120d38) Importer(815301076,1909f56bfc062723c751e8b465ee728b) [PhysX] Initialized MultithreadedTaskDispatcher with 4 workers.
[PhysX] Initialized MultithreadedTaskDispatcher with 4 workers.
Refreshing native plugins compatible for Editor in 14.92 ms, found 3 plugins.
Preloading 0 native plugins for Editor in 0.00 ms.
 -> (artifact id: 'f813c44640b14e194e8360a3f76efe84') in 0.542739 seconds
Number of updated asset objects reloaded before import = 0
Number of asset objects unloaded after import = 660
========================================================================
Received Import Request.
  Time since last request: 0.000043 seconds.
  path: Assets/3DGamekit/Prefabs/Characters/Enemies/Grenadier/Grenadier.prefab
  artifactKey: Guid(71a1be879433fcb46b1fb72b19e392ef) Importer(815301076,1909f56bfc062723c751e8b465ee728b)
Start importing Assets/3DGamekit/Prefabs/Characters/Enemies/Grenadier/Grenadier.prefab using Guid(71a1be879433fcb46b1fb72b19e392ef) Importer(815301076,1909f56bfc062723c751e8b465ee728b) [PhysX] Initialized MultithreadedTaskDispatcher with 4 workers.
[PhysX] Initialized MultithreadedTaskDispatcher with 4 workers.
 -> (artifact id: '513122f3b604b059048c95139c0d71b6') in 0.902426 seconds
Number of updated asset objects reloaded before import = 0
Number of asset objects unloaded after import = 410
========================================================================
Received Import Request.
  Time since last request: 0.000043 seconds.
  path: Assets/3DGamekit/Prefabs/Characters/Ellen/EllenFollow.prefab
  artifactKey: Guid(8e8b1fdb5d1cd9c41be629758f338d85) Importer(815301076,1909f56bfc062723c751e8b465ee728b)
Start importing Assets/3DGamekit/Prefabs/Characters/Ellen/EllenFollow.prefab using Guid(8e8b1fdb5d1cd9c41be629758f338d85) Importer(815301076,1909f56bfc062723c751e8b465ee728b) [PhysX] Initialized MultithreadedTaskDispatcher with 4 workers.
 -> (artifact id: '6fd755bb818ed9c811bdcb72f7b351f8') in 0.003709 seconds
Number of updated asset objects reloaded before import = 0
Number of asset objects unloaded after import = 5
